<?xml version="1.0" encoding="UTF-8"?>
<!-- Generated by org.testng.reporters.JUnitReportReporter -->
<testsuite hostname="julio" name="test.java.SampleTest" tests="1" failures="0" timestamp="5 Oct 2021 17:56:50 GMT" time="12.479" errors="0">
  <testcase name="fullTestMethod" time="12.479" classname="test.java.SampleTest"/>
</testsuite> <!-- test.java.SampleTest -->
