<?xml version="1.0" encoding="UTF-8"?>
<!-- Generated by org.testng.reporters.JUnitReportReporter -->
<testsuite hostname="LAPTOP-HGVSNOTG" name="test.java.SampleTest" tests="1" failures="0" timestamp="4 Oct 2021 20:54:00 GMT" time="11.679" errors="0">
  <testcase name="registerAccountMethod" time="11.679" classname="test.java.SampleTest"/>
</testsuite> <!-- test.java.SampleTest -->
